This is pdfTeX, Version 3.1415926-2.4-1.40.13 (TeX Live 2012)
 \write18 enabled.
entering extended mode

(/home/vineela/GITRepos/Fork/sw_serial_to_ethernet/doc/_build/xlatex/xmos_texfi
le.tex
LaTeX2e <2011/06/27>
Babel <v3.8m> and hyphenation patterns for english, dumylang, nohyphenation, lo
aded.
(/home/vineela/GITRepos/Fork/sw_serial_to_ethernet/doc/_build/xlatex/index.tex
(/home/vineela/setups/XMOS_2/XMOS/xSoftIPTools/1.0.21/xpd/texinputs/xmosmodern.
cls
Document Class: xmosmodern 2010/12/10 v3.0b XMOS Modern Style Class
(/home/vineela/setups/XMOS_2/XMOS/xSoftIPTools/1.0.21/xpd/texinputs/memoir.cls
Document Class: memoir 2010/02/20 v1.618033988c configurable book, report, arti
cle document class

(/home/vineela/setups/XMOS_2/XMOS/xSoftIPTools/1.0.21/latex/texmf-dist/tex/gene
ric/oberdiek/ifpdf.sty)
(/home/vineela/setups/XMOS_2/XMOS/xSoftIPTools/1.0.21/latex/texmf-dist/tex/gene
ric/ifxetex/ifxetex.sty)
(/home/vineela/setups/XMOS_2/XMOS/xSoftIPTools/1.0.21/latex/texmf-dist/tex/gene
ric/oberdiek/ifluatex.sty)
(/home/vineela/setups/XMOS_2/XMOS/xSoftIPTools/1.0.21/latex/texmf-dist/tex/late
x/etex-pkg/etex.sty)
(/home/vineela/setups/XMOS_2/XMOS/xSoftIPTools/1.0.21/xpd/texinputs/mem9.clo)
(/home/vineela/setups/XMOS_2/XMOS/xSoftIPTools/1.0.21/xpd/texinputs/mempatch.st
y))
(/home/vineela/setups/XMOS_2/XMOS/xSoftIPTools/1.0.21/latex/texmf-dist/tex/late
x/tools/calc.sty)

******************************************************
Stock height and width: 668.63976pt by 506.45905pt
Top and edge trims: 0.0pt and 0.0pt
Page height and width: 668.63976pt by 506.45905pt
Text height and width: 519.0pt by 341.0pt
Spine and edge margins: 113.81102pt and 51.21497pt
Upper and lower margins: 71.13188pt and 78.50787pt
Headheight and headsep: 10.0pt and 20.0pt
Footskip: 20.0pt
Columnsep and columnseprule: 10.0pt and 0.0pt
Marginparsep and marginparwidth: 11.38109pt and 51.21495pt
Sidecapsep and sidecapwidth: 7.0pt and 85.0pt
Sidebarhsep and sidebarwidth: 7.0pt and 85.0pt
Sidebarvsep and sidebartopsep: 10.0pt and 0.0pt
Sidebarheight: 546.99997pt
Sidefoothsep and sidefootwidth: 7.0pt and 85.0pt
Sidefootvsep and sidefootheight: 10.0pt and 546.99997pt
******************************************************


(/home/vineela/setups/XMOS_2/XMOS/xSoftIPTools/1.0.21/latex/texmf-dist/tex/late
x/graphics/graphicx.sty
(/home/vineela/setups/XMOS_2/XMOS/xSoftIPTools/1.0.21/latex/texmf-dist/tex/late
x/graphics/keyval.sty)
(/home/vineela/setups/XMOS_2/XMOS/xSoftIPTools/1.0.21/latex/texmf-dist/tex/late
x/graphics/graphics.sty
(/home/vineela/setups/XMOS_2/XMOS/xSoftIPTools/1.0.21/latex/texmf-dist/tex/late
x/graphics/trig.sty)
(/home/vineela/setups/XMOS_2/XMOS/xSoftIPTools/1.0.21/latex/texmf-dist/tex/late
x/latexconfig/graphics.cfg)
(/home/vineela/setups/XMOS_2/XMOS/xSoftIPTools/1.0.21/latex/texmf-dist/tex/late
x/pdftex-def/pdftex.def
(/home/vineela/setups/XMOS_2/XMOS/xSoftIPTools/1.0.21/latex/texmf-dist/tex/gene
ric/oberdiek/infwarerr.sty)
(/home/vineela/setups/XMOS_2/XMOS/xSoftIPTools/1.0.21/latex/texmf-dist/tex/gene
ric/oberdiek/ltxcmds.sty))))
Writing index file xmos_texfile.idx 

(/home/vineela/setups/XMOS_2/XMOS/xSoftIPTools/1.0.21/latex/texmf-dist/tex/late
x/amsmath/amsmath.sty
For additional information on amsmath, use the `?' option.

(/home/vineela/setups/XMOS_2/XMOS/xSoftIPTools/1.0.21/latex/texmf-dist/tex/late
x/amsmath/amstext.sty
(/home/vineela/setups/XMOS_2/XMOS/xSoftIPTools/1.0.21/latex/texmf-dist/tex/late
x/amsmath/amsgen.sty))
(/home/vineela/setups/XMOS_2/XMOS/xSoftIPTools/1.0.21/latex/texmf-dist/tex/late
x/amsmath/amsbsy.sty)
(/home/vineela/setups/XMOS_2/XMOS/xSoftIPTools/1.0.21/latex/texmf-dist/tex/late
x/amsmath/amsopn.sty))
(/home/vineela/setups/XMOS_2/XMOS/xSoftIPTools/1.0.21/latex/texmf-dist/tex/late
x/pstool/pstool.sty
(/home/vineela/setups/XMOS_2/XMOS/xSoftIPTools/1.0.21/latex/texmf-dist/tex/gene
ric/oberdiek/catchfile.sty
(/home/vineela/setups/XMOS_2/XMOS/xSoftIPTools/1.0.21/latex/texmf-dist/tex/gene
ric/oberdiek/etexcmds.sty))
(/home/vineela/setups/XMOS_2/XMOS/xSoftIPTools/1.0.21/latex/texmf-dist/tex/late
x/graphics/color.sty
(/home/vineela/setups/XMOS_2/XMOS/xSoftIPTools/1.0.21/latex/texmf-dist/tex/late
x/latexconfig/color.cfg))
(/home/vineela/setups/XMOS_2/XMOS/xSoftIPTools/1.0.21/xpd/texinputs/ifplatform.
sty
(/home/vineela/setups/XMOS_2/XMOS/xSoftIPTools/1.0.21/latex/texmf-dist/tex/gene
ric/oberdiek/pdftexcmds.sty)
(/home/vineela/GITRepos/Fork/sw_serial_to_ethernet/doc/_build/xlatex/xmos_texfi
le.w18))
(/home/vineela/setups/XMOS_2/XMOS/xSoftIPTools/1.0.21/xpd/texinputs/psfrag.sty)
 (/home/vineela/setups/XMOS_2/XMOS/xSoftIPTools/1.0.21/xpd/texinputs/suffix.sty
)
(/home/vineela/setups/XMOS_2/XMOS/xSoftIPTools/1.0.21/xpd/texinputs/xkeyval.sty

(/home/vineela/setups/XMOS_2/XMOS/xSoftIPTools/1.0.21/latex/texmf-dist/tex/gene
ric/xkeyval/xkeyval.tex)))
(/home/vineela/setups/XMOS_2/XMOS/xSoftIPTools/1.0.21/xpd/texinputs/microtype.s
ty
(/home/vineela/setups/XMOS_2/XMOS/xSoftIPTools/1.0.21/latex/texmf-dist/tex/late
x/microtype/microtype.cfg))
(/home/vineela/setups/XMOS_2/XMOS/xSoftIPTools/1.0.21/xpd/texinputs/stmaryrd.st
y)
(/home/vineela/setups/XMOS_2/XMOS/xSoftIPTools/1.0.21/latex/texmf-dist/tex/late
x/base/alltt.sty)
(/home/vineela/setups/XMOS_2/XMOS/xSoftIPTools/1.0.21/latex/texmf-dist/tex/late
x/amsfonts/amsfonts.sty)
(/home/vineela/setups/XMOS_2/XMOS/xSoftIPTools/1.0.21/latex/texmf-dist/tex/late
x/tools/multicol.sty)
(/home/vineela/setups/XMOS_2/XMOS/xSoftIPTools/1.0.21/latex/texmf-dist/tex/late
x/base/ifthen.sty)
(/home/vineela/setups/XMOS_2/XMOS/xSoftIPTools/1.0.21/latex/texmf-dist/tex/late
x/tools/longtable.sty)
(/home/vineela/setups/XMOS_2/XMOS/xSoftIPTools/1.0.21/latex/texmf-dist/tex/late
x/base/textcomp.sty
(/home/vineela/setups/XMOS_2/XMOS/xSoftIPTools/1.0.21/latex/texmf-dist/tex/late
x/base/ts1enc.def))
(/home/vineela/setups/XMOS_2/XMOS/xSoftIPTools/1.0.21/xpd/texinputs/url.sty)
(/home/vineela/setups/XMOS_2/XMOS/xSoftIPTools/1.0.21/xpd/texinputs/listings.st
y
(/home/vineela/setups/XMOS_2/XMOS/xSoftIPTools/1.0.21/latex/texmf-dist/tex/late
x/listings/lstmisc.sty)
(/home/vineela/setups/XMOS_2/XMOS/xSoftIPTools/1.0.21/latex/texmf-dist/tex/late
x/listings/listings.cfg))
(/home/vineela/setups/XMOS_2/XMOS/xSoftIPTools/1.0.21/xpd/texinputs/gensymb.sty
)
(/home/vineela/setups/XMOS_2/XMOS/xSoftIPTools/1.0.21/latex/texmf-dist/tex/late
x/manfnt/manfnt.sty)
(/home/vineela/setups/XMOS_2/XMOS/xSoftIPTools/1.0.21/latex/texmf-dist/tex/late
x/psnfss/pifont.sty
(/home/vineela/setups/XMOS_2/XMOS/xSoftIPTools/1.0.21/latex/texmf-dist/tex/late
x/psnfss/upzd.fd)
(/home/vineela/setups/XMOS_2/XMOS/xSoftIPTools/1.0.21/latex/texmf-dist/tex/late
x/psnfss/upsy.fd))
(/home/vineela/setups/XMOS_2/XMOS/xSoftIPTools/1.0.21/latex/texmf-dist/tex/late
x/tools/xspace.sty)
(/home/vineela/setups/XMOS_2/XMOS/xSoftIPTools/1.0.21/xpd/texinputs/multirow.st
y)
(/home/vineela/setups/XMOS_2/XMOS/xSoftIPTools/1.0.21/latex/texmf-dist/tex/late
x/colortbl/colortbl.sty)
(/home/vineela/setups/XMOS_2/XMOS/xSoftIPTools/1.0.21/latex/texmf-dist/tex/late
x/tools/varioref.sty)
(/home/vineela/setups/XMOS_2/XMOS/xSoftIPTools/1.0.21/latex/texmf-dist/tex/late
x/base/fixltx2e.sty)
(/home/vineela/setups/XMOS_2/XMOS/xSoftIPTools/1.0.21/xpd/texinputs/enumitem.st
y)
(/home/vineela/setups/XMOS_2/XMOS/xSoftIPTools/1.0.21/xpd/texinputs/placeins.st
y)
(/home/vineela/setups/XMOS_2/XMOS/xSoftIPTools/1.0.21/latex/texmf-dist/tex/late
x/base/flafter.sty)
(/home/vineela/setups/XMOS_2/XMOS/xSoftIPTools/1.0.21/xpd/texinputs/float.sty)
(/home/vineela/setups/XMOS_2/XMOS/xSoftIPTools/1.0.21/xpd/texinputs/marginnote.
sty)
(/home/vineela/setups/XMOS_2/XMOS/xSoftIPTools/1.0.21/latex/texmf-dist/tex/late
x/layouts/layouts.sty)
(/home/vineela/setups/XMOS_2/XMOS/xSoftIPTools/1.0.21/latex/texmf-dist/tex/late
x/units/units.sty
(/home/vineela/setups/XMOS_2/XMOS/xSoftIPTools/1.0.21/latex/texmf-dist/tex/late
x/units/nicefrac.sty))
(/home/vineela/setups/XMOS_2/XMOS/xSoftIPTools/1.0.21/latex/texmf-dist/tex/late
x/savesym/savesym.sty

LaTeX Warning: You have requested package `savesym',
               but the package provides `savesymbol'.

)
(/home/vineela/setups/XMOS_2/XMOS/xSoftIPTools/1.0.21/xpd/texinputs/marvosym.st
y)
(/home/vineela/setups/XMOS_2/XMOS/xSoftIPTools/1.0.21/latex/texmf-dist/tex/late
x/bbding/bbding.sty)
(/home/vineela/setups/XMOS_2/XMOS/xSoftIPTools/1.0.21/latex/texmf-dist/tex/late
x/dingbat/dingbat.sty)
(/home/vineela/setups/XMOS_2/XMOS/xSoftIPTools/1.0.21/latex/texmf-dist/tex/late
x/hyperref/hyperref.sty
(/home/vineela/setups/XMOS_2/XMOS/xSoftIPTools/1.0.21/latex/texmf-dist/tex/gene
ric/oberdiek/hobsub-hyperref.sty
(/home/vineela/setups/XMOS_2/XMOS/xSoftIPTools/1.0.21/latex/texmf-dist/tex/gene
ric/oberdiek/hobsub-generic.sty))
(/home/vineela/setups/XMOS_2/XMOS/xSoftIPTools/1.0.21/latex/texmf-dist/tex/late
x/oberdiek/auxhook.sty)
(/home/vineela/setups/XMOS_2/XMOS/xSoftIPTools/1.0.21/latex/texmf-dist/tex/late
x/oberdiek/kvoptions.sty)
(/home/vineela/setups/XMOS_2/XMOS/xSoftIPTools/1.0.21/latex/texmf-dist/tex/late
x/hyperref/pd1enc.def)
(/home/vineela/setups/XMOS_2/XMOS/xSoftIPTools/1.0.21/latex/texmf-dist/tex/late
x/latexconfig/hyperref.cfg))
(/home/vineela/setups/XMOS_2/XMOS/xSoftIPTools/1.0.21/xpd/texinputs/memhfixc.st
y)

Package hyperref Message: Driver (autodetected): hpdftex.


(/home/vineela/setups/XMOS_2/XMOS/xSoftIPTools/1.0.21/latex/texmf-dist/tex/late
x/hyperref/hpdftex.def
(/home/vineela/setups/XMOS_2/XMOS/xSoftIPTools/1.0.21/latex/texmf-dist/tex/late
x/oberdiek/rerunfilecheck.sty))
(/home/vineela/setups/XMOS_2/XMOS/xSoftIPTools/1.0.21/xpd/texinputs/lastpage.st
y)
(/home/vineela/setups/XMOS_2/XMOS/xSoftIPTools/1.0.21/latex/texmf-dist/tex/late
x/tools/afterpage.sty)
(/home/vineela/setups/XMOS_2/XMOS/xSoftIPTools/1.0.21/latex/texmf-dist/tex/late
x/base/fontenc.sty
(/home/vineela/setups/XMOS_2/XMOS/xSoftIPTools/1.0.21/latex/texmf-dist/tex/late
x/base/t1enc.def))
(/home/vineela/setups/XMOS_2/XMOS/xSoftIPTools/1.0.21/latex/texmf-local/tex/lat
ex/lucidabr/lucidabr.sty
(/home/vineela/setups/XMOS_2/XMOS/xSoftIPTools/1.0.21/latex/texmf-local/tex/lat
ex/lucida/t1hls.fd))
(/home/vineela/setups/XMOS_2/XMOS/xSoftIPTools/1.0.21/xpd/texinputs/upquote.sty
)
(/home/vineela/setups/XMOS_2/XMOS/xSoftIPTools/1.0.21/xpd/texinputs/terminology
.tex)
(/home/vineela/setups/XMOS_2/XMOS/xSoftIPTools/1.0.21/xpd/texinputs/bib.tex))
(/home/vineela/setups/XMOS_2/XMOS/xSoftIPTools/1.0.21/latex/texmf-dist/tex/late
x/base/inputenc.sty
(/home/vineela/setups/XMOS_2/XMOS/xSoftIPTools/1.0.21/latex/texmf-dist/tex/late
x/base/utf8.def
(/home/vineela/setups/XMOS_2/XMOS/xSoftIPTools/1.0.21/latex/texmf-dist/tex/late
x/base/t1enc.dfu)
(/home/vineela/setups/XMOS_2/XMOS/xSoftIPTools/1.0.21/latex/texmf-dist/tex/late
x/base/ot1enc.dfu)
(/home/vineela/setups/XMOS_2/XMOS/xSoftIPTools/1.0.21/latex/texmf-dist/tex/late
x/base/omsenc.dfu)
(/home/vineela/setups/XMOS_2/XMOS/xSoftIPTools/1.0.21/latex/texmf-dist/tex/late
x/base/ts1enc.dfu)))
(/home/vineela/setups/XMOS_2/XMOS/xSoftIPTools/1.0.21/xpd/texinputs/xsphinx.sty
(/home/vineela/setups/XMOS_2/XMOS/xSoftIPTools/1.0.21/xpd/texinputs/framed.sty)

(/home/vineela/setups/XMOS_2/XMOS/xSoftIPTools/1.0.21/xpd/texinputs/fancyvrb.st
y
Style option: `fancyvrb' v2.7a, with DG/SPQR fixes, and firstline=lastline fix 
<2008/02/07> (tvz))
(/home/vineela/setups/XMOS_2/XMOS/xSoftIPTools/1.0.21/xpd/texinputs/threepartta
ble.sty))
(/home/vineela/setups/XMOS_2/XMOS/xSoftIPTools/1.0.21/xpd/texinputs/indent.sty)
Writing index file xmos_texfile.idx 

(/home/vineela/GITRepos/Fork/sw_serial_to_ethernet/doc/_build/xlatex/xmos_texfi
le.aux

LaTeX Warning: Label `api:' multiply defined.

)
(/home/vineela/setups/XMOS_2/XMOS/xSoftIPTools/1.0.21/latex/texmf-dist/tex/late
x/base/ts1cmr.fd)
(/home/vineela/setups/XMOS_2/XMOS/xSoftIPTools/1.0.21/latex/texmf-local/tex/lat
ex/lucidabr/lmrhlcm.fd)
(/home/vineela/setups/XMOS_2/XMOS/xSoftIPTools/1.0.21/latex/texmf-dist/tex/cont
ext/base/supp-pdf.mkii
[Loading MPS to PDF converter (version 2006.09.02).]
)
(/home/vineela/setups/XMOS_2/XMOS/xSoftIPTools/1.0.21/latex/texmf-dist/tex/late
x/oberdiek/epstopdf-base.sty
(/home/vineela/setups/XMOS_2/XMOS/xSoftIPTools/1.0.21/latex/texmf-dist/tex/late
x/oberdiek/grfext.sty)
(/home/vineela/setups/XMOS_2/XMOS/xSoftIPTools/1.0.21/latex/texmf-dist/tex/late
x/latexconfig/epstopdf-sys.cfg))

Package layouts Warning: Layout scale set to 0.5 on input line 31.


(/home/vineela/setups/XMOS_2/XMOS/xSoftIPTools/1.0.21/latex/texmf-dist/tex/late
x/hyperref/nameref.sty
(/home/vineela/setups/XMOS_2/XMOS/xSoftIPTools/1.0.21/latex/texmf-dist/tex/gene
ric/oberdiek/gettitlestring.sty))
(/home/vineela/GITRepos/Fork/sw_serial_to_ethernet/doc/_build/xlatex/xmos_texfi
le.out)
(/home/vineela/GITRepos/Fork/sw_serial_to_ethernet/doc/_build/xlatex/xmos_texfi
le.out)
(/home/vineela/setups/XMOS_2/XMOS/xSoftIPTools/1.0.21/latex/texmf-local/tex/lat
ex/lucida/ts1hls.fd) <xmoslogo18pt.pdf, id=192, 54.06036pt x 15.07974pt>
<use xmoslogo18pt.pdf> [1
Non-PDF special ignored!{/home/vineela/setups/XMOS_2/XMOS/xSoftIPTools/1.0.21/l
atex/texmf-var/fonts/map/pdftex/updmap/pdftex.map} </home/vineela/setups/XMOS_2
/XMOS/xSoftIPTools/1.0.21/xpd/texinputs/xmoslogo18pt.pdf>]
(/home/vineela/GITRepos/Fork/sw_serial_to_ethernet/doc/_build/xlatex/xmos_texfi
le.toc
(/home/vineela/setups/XMOS_2/XMOS/xSoftIPTools/1.0.21/latex/texmf-local/tex/lat
ex/lucida/t1hlh.fd)
(/home/vineela/setups/XMOS_2/XMOS/xSoftIPTools/1.0.21/latex/texmf-local/tex/lat
ex/lucidabr/omlhlcm.fd)
(/home/vineela/setups/XMOS_2/XMOS/xSoftIPTools/1.0.21/latex/texmf-local/tex/lat
ex/lucidabr/omshlcy.fd)
(/home/vineela/setups/XMOS_2/XMOS/xSoftIPTools/1.0.21/latex/texmf-local/tex/lat
ex/lucidabr/omxhlcv.fd)
(/home/vineela/setups/XMOS_2/XMOS/xSoftIPTools/1.0.21/latex/texmf-dist/tex/late
x/microtype/mt-cmr.cfg)
(/home/vineela/setups/XMOS_2/XMOS/xSoftIPTools/1.0.21/latex/texmf-dist/tex/late
x/amsfonts/umsa.fd)
(/home/vineela/setups/XMOS_2/XMOS/xSoftIPTools/1.0.21/latex/texmf-dist/tex/late
x/microtype/mt-msa.cfg)
(/home/vineela/setups/XMOS_2/XMOS/xSoftIPTools/1.0.21/latex/texmf-dist/tex/late
x/amsfonts/umsb.fd)
(/home/vineela/setups/XMOS_2/XMOS/xSoftIPTools/1.0.21/latex/texmf-dist/tex/late
x/microtype/mt-msb.cfg) <use xmoslogo18pt.pdf> [2]) <use xmoslogo18pt.pdf>
[3]
(/home/vineela/setups/XMOS_2/XMOS/xSoftIPTools/1.0.21/latex/texmf-dist/tex/late
x/marvosym/umvs.fd)
(/home/vineela/setups/XMOS_2/XMOS/xSoftIPTools/1.0.21/latex/texmf-dist/tex/late
x/microtype/mt-mvs.cfg)
Underfull \hbox (badness 10000) in paragraph at lines 50--50

<use xmoslogo18pt.pdf> [4] <use xmoslogo18pt.pdf> [5]
Underfull \hbox (badness 10000) in paragraph at lines 121--121

<hardware_setup.png, id=292, 224.33812pt x 151.3153pt>
<use hardware_setup.png> <use xmoslogo18pt.pdf> [6] <use xmoslogo18pt.pdf>
[7 </home/vineela/GITRepos/Fork/sw_serial_to_ethernet/doc/_build/xlatex/hardwar
e_setup.png>]
Underfull \hbox (badness 10000) in paragraph at lines 211--211

<s2e_cores.png, id=308, 721.94719pt x 211.54031pt> <use s2e_cores.png>
<use xmoslogo18pt.pdf> [8 </home/vineela/GITRepos/Fork/sw_serial_to_ethernet/do
c/_build/xlatex/s2e_cores.png>]
(/home/vineela/setups/XMOS_2/XMOS/xSoftIPTools/1.0.21/latex/texmf-dist/tex/late
x/base/t1cmtt.fd) <use xmoslogo18pt.pdf> [9]
<resource_usage.jpg, id=322, 494.59781pt x 616.55344pt>
<use resource_usage.jpg>

LaTeX Warning: `h' float specifier changed to `ht'.

<use xmoslogo18pt.pdf> [10] <use xmoslogo18pt.pdf> [11 </home/vineela/GITRepos/
Fork/sw_serial_to_ethernet/doc/_build/xlatex/resource_usage.jpg>]
Underfull \hbox (badness 10000) in paragraph at lines 318--318

<use xmoslogo18pt.pdf> [12] <use xmoslogo18pt.pdf> [13]

LaTeX Warning: \verb may be unreliable inside tabularx on input line 516.

<use xmoslogo18pt.pdf> [14]
<muart_config_flow.png, id=373, 195.73125pt x 247.67531pt>
<use muart_config_flow.png>

LaTeX Warning: `h' float specifier changed to `ht'.

<use xmoslogo18pt.pdf> [15] <use xmoslogo18pt.pdf> [16 </home/vineela/GITRepos/
Fork/sw_serial_to_ethernet/doc/_build/xlatex/muart_config_flow.png>]
Underfull \hbox (badness 10000) in paragraph at lines 585--585


Underfull \hbox (badness 10000) in paragraph at lines 593--595
\T1/hls/m/n/9 (+20) The files multi_uart_tx_conf.h and multi_uart_rx_conf.h mus
t be copied from
<use xmoslogo18pt.pdf> [17] <use xmoslogo18pt.pdf> [18] <use xmoslogo18pt.pdf>
[19] <use xmoslogo18pt.pdf> [20] <use xmoslogo18pt.pdf> [21]
<use xmoslogo18pt.pdf> [22] <use xmoslogo18pt.pdf> [23] <use xmoslogo18pt.pdf>
[24] <use xmoslogo18pt.pdf> [25] <use xmoslogo18pt.pdf> [26]
<use xmoslogo18pt.pdf> [27] <use xmoslogo18pt.pdf> [28]

LaTeX Warning: Hyper reference `api:uart_config_data_t' on page 29 undefined on
 input line 1705.

<use xmoslogo18pt.pdf> [29]

LaTeX Warning: Hyper reference `api:uart_config_data_t' on page 30 undefined on
 input line 1779.

<use xmoslogo18pt.pdf> [30] <use xmoslogo18pt.pdf> [31] <use xmoslogo18pt.pdf>
[32] <use xmoslogo18pt.pdf> [33]
Underfull \hbox (badness 10000) in paragraph at lines 2190--2190

<udp_test_server.png, id=509, 467.49657pt x 243.15843pt>
<use udp_test_server.png>
Overfull \hbox (6.82938pt too wide) in paragraph at lines 2231--2231
 \T1/hls/m/n/8 (-20) udp_test_server

LaTeX Warning: `h' float specifier changed to `ht'.


Underfull \hbox (badness 10000) in paragraph at lines 2243--2245
[]\T1/hls/m/n/9 (+20) XMOS S2E de-vices mon-i-tor this broad-cast mes-sage and 
re-

Underfull \hbox (badness 2635) in paragraph at lines 2243--2245
\T1/hls/m/n/9 (+20) sponds to the test server us-ing the fol-low-ing for-mat: `
`XMOS S2E
<use xmoslogo18pt.pdf> [34] <use xmoslogo18pt.pdf> [35 </home/vineela/GITRepos/
Fork/sw_serial_to_ethernet/doc/_build/xlatex/udp_test_server.png>]
<use xmoslogo18pt.pdf> [36] <use xmoslogo18pt.pdf> [37]
Underfull \hbox (badness 10000) in paragraph at lines 2441--2444
[]\T1/hls/m/n/9 (+20) Use the fol-low-ing for-mat for con-fig-ur-ing an UART ch
an-nel
<use xmoslogo18pt.pdf> [38] <use xmoslogo18pt.pdf>
AED: lastpage setting LastPage [39]
(/home/vineela/GITRepos/Fork/sw_serial_to_ethernet/doc/_build/xlatex/xmos_texfi
le.aux)

LaTeX Warning: There were undefined references.


LaTeX Warning: There were multiply-defined labels.

 ) )
(see the transcript file for additional information){/home/vineela/setups/XMOS_
2/XMOS/xSoftIPTools/1.0.21/latex/texmf-dist/fonts/enc/dvips/cm-super/cm-super-t
1.enc}{/home/vineela/setups/XMOS_2/XMOS/xSoftIPTools/1.0.21/latex/texmf-dist/fo
nts/enc/dvips/base/8r.enc}</home/vineela/setups/XMOS_2/XMOS/xSoftIPTools/1.0.21
/latex/texmf-local/fonts/type1/bh/lucida/lsd.pfb></home/vineela/setups/XMOS_2/X
MOS/xSoftIPTools/1.0.21/latex/texmf-local/fonts/type1/bh/lucida/lsi.pfb></home/
vineela/setups/XMOS_2/XMOS/xSoftIPTools/1.0.21/latex/texmf-local/fonts/type1/bh
/lucida/lsr.pfb></home/vineela/setups/XMOS_2/XMOS/xSoftIPTools/1.0.21/latex/tex
mf-dist/fonts/type1/public/marvosym/marvosym.pfb></home/vineela/setups/XMOS_2/X
MOS/xSoftIPTools/1.0.21/latex/texmf-dist/fonts/type1/public/cm-super/sftt0900.p
fb>
Output written on xmos_texfile.pdf (39 pages, 670271 bytes).
Transcript written on xmos_texfile.log.
