Running Sphinx v1.0.7
Found and adding aafig extension
Running XMOS Documentation setup:xlatex
Using XMOS Styled LaTeX
loading pickled environment... not yet created
building [xlatex]: all documents
updating environment: 8 added, 0 changed, 0 removed
reading sources... [ 12%] api
struct
Rendering Doxygen struct uart_config_data_t
Rendering Doxygen function void uart_config_init
Rendering Doxygen function void s2e_webserver_init
Rendering Doxygen function void telnet_to_uart_init
Rendering Doxygen function void udp_discovery_init
Rendering Doxygen function void uart_handler
Rendering Doxygen function void tcp_handler
Rendering Doxygen function void telnet_config_event_handler
Rendering Doxygen function void s2e_webserver_event_handler
Rendering Doxygen function void telnet_to_uart_event_handler
Rendering Doxygen function void udp_discovery_event_handler
Rendering Doxygen function void s2e_flash
Rendering Doxygen function void send_data_to_flash_thread
Rendering Doxygen function void get_data_from_flash_thread
Rendering Doxygen function void send_ipconfig_to_flash_thread
Rendering Doxygen function void get_ipconfig_from_flash_thread
Rendering Doxygen function void send_cmd_to_flash_thread
Rendering Doxygen function int get_flash_access_result
Rendering Doxygen function int parse_telnet_buffer
reading sources... [ 25%] hardware_platform
reading sources... [ 37%] index
reading sources... [ 50%] overview
reading sources... [ 62%] programming_guide
reading sources... [ 75%] references
reading sources... [ 87%] system_description
reading sources... [100%] using_the_application

looking for now-outdated files... none found
pickling environment... done
checking consistency... done
processing index.tex... index overview hardware_platform system_description programming_guide api using_the_application references 
resolving references...
Adding scope descriptions
writing... done
copying images... images/udp_test_server.png images/hardware_setup.png images/muart_config_flow.png images/resource_usage.jpg images/s2e_cores.png
copying TeX support files... done
build succeeded.
