Running Sphinx v1.0.7
Found and adding aafig extension
!!!!!!!
/home/vineela/setups/XMOS_2/XMOS/xSoftIPTools/1.0.21/xpd/docutils/writers/html4css1/html4css1.css
Found and adding aafig extension
Running XMOS Documentation setup:xdehtml
loading pickled environment... not yet created
building [xdehtml]: all documents
updating environment: 1 added, 0 changed, 0 removed
reading sources... [100%] quickstart

/home/vineela/GITRepos/Fork/sw_serial_to_ethernet/app_serial_to_ethernet/doc_quickstart/quickstart.rst:32: (WARNING/2) Bullet list ends without a blank line; unexpected unindent.

looking for now-outdated files... none found
pickling environment... done
checking consistency... done
preparing documents... done
['quickstart']
writing output... [100%] quickstart
Adding scope descriptions

writing additional files...
copying images... [ 10%] images/hardware_setup.png
copying images... [ 20%] images/modify_uart_configuration-wide.png
copying images... [ 30%] images/terminal_clients.png
copying images... [ 40%] images/hardware_setup-wide.png
copying images... [ 50%] images/modify_uart_configuration.png
copying images... [ 60%] images/data_communication.png
copying images... [ 70%] images/data_communication-wide.png
copying images... [ 80%] images/webpage.png
copying images... [ 90%] images/webpage-wide.png
copying images... [100%] images/terminal_clients-wide.png

copying static files... done
dumping object inventory... done
build succeeded, 1 warning.
